# JRE version: Java(TM) SE Runtime Environment (22.0.2+9) (build 22.0.2+9-70)
# Java VM: Java HotSpot(TM) 64-Bit Server VM (22.0.2+9-70, mixed mode, sharing, tiered, compressed oops, compressed class ptrs, g1 gc, bsd-aarch64)
Heap:
 garbage-first heap   total reserved 4718592K, committed 684032K, used 176964K [0x00000006e0000000, 0x0000000800000000)
  region size 4096K, 42 young (172032K), 1 survivors (4096K)
 Metaspace       used 9322K, committed 9536K, reserved 1114112K
  class space    used 944K, committed 1024K, reserved 1048576K
GC Heap History (20 events):
Event: 6761.550 GC heap before
{Heap before GC invocations=88 (full 0):
 garbage-first heap   total reserved 4718592K, committed 684032K, used 418574K [0x00000006e0000000, 0x0000000800000000)
  region size 4096K, 100 young (409600K), 1 survivors (4096K)
 Metaspace       used 9322K, committed 9536K, reserved 1114112K
  class space    used 944K, committed 1024K, reserved 1048576K
}
Event: 6761.551 GC heap after
{Heap after GC invocations=89 (full 0):
 garbage-first heap   total reserved 4718592K, committed 684032K, used 13074K [0x00000006e0000000, 0x0000000800000000)
  region size 4096K, 1 young (4096K), 1 survivors (4096K)
 Metaspace       used 9322K, committed 9536K, reserved 1114112K
  class space    used 944K, committed 1024K, reserved 1048576K
}
Event: 6857.072 GC heap before
{Heap before GC invocations=89 (full 0):
 garbage-first heap   total reserved 4718592K, committed 684032K, used 418578K [0x00000006e0000000, 0x0000000800000000)
  region size 4096K, 100 young (409600K), 1 survivors (4096K)
 Metaspace       used 9322K, committed 9536K, reserved 1114112K
  class space    used 944K, committed 1024K, reserved 1048576K
}
Event: 6857.073 GC heap after
{Heap after GC invocations=90 (full 0):
 garbage-first heap   total reserved 4718592K, committed 684032K, used 13069K [0x00000006e0000000, 0x0000000800000000)
  region size 4096K, 1 young (4096K), 1 survivors (4096K)
 Metaspace       used 9322K, committed 9536K, reserved 1114112K
  class space    used 944K, committed 1024K, reserved 1048576K
}
Event: 6952.756 GC heap before
{Heap before GC invocations=90 (full 0):
 garbage-first heap   total reserved 4718592K, committed 684032K, used 418573K [0x00000006e0000000, 0x0000000800000000)
  region size 4096K, 100 young (409600K), 1 survivors (4096K)
 Metaspace       used 9322K, committed 9536K, reserved 1114112K
  class space    used 944K, committed 1024K, reserved 1048576K
}
Event: 6952.757 GC heap after
{Heap after GC invocations=91 (full 0):
 garbage-first heap   total reserved 4718592K, committed 684032K, used 13067K [0x00000006e0000000, 0x0000000800000000)
  region size 4096K, 1 young (4096K), 1 survivors (4096K)
 Metaspace       used 9322K, committed 9536K, reserved 1114112K
  class space    used 944K, committed 1024K, reserved 1048576K
}
Event: 7048.289 GC heap before
{Heap before GC invocations=91 (full 0):
 garbage-first heap   total reserved 4718592K, committed 684032K, used 418571K [0x00000006e0000000, 0x0000000800000000)
  region size 4096K, 100 young (409600K), 1 survivors (4096K)
 Metaspace       used 9322K, committed 9536K, reserved 1114112K
  class space    used 944K, committed 1024K, reserved 1048576K
}
Event: 7048.290 GC heap after
{Heap after GC invocations=92 (full 0):
 garbage-first heap   total reserved 4718592K, committed 684032K, used 13073K [0x00000006e0000000, 0x0000000800000000)
  region size 4096K, 1 young (4096K), 1 survivors (4096K)
 Metaspace       used 9322K, committed 9536K, reserved 1114112K
  class space    used 944K, committed 1024K, reserved 1048576K
}
Event: 7143.905 GC heap before
{Heap before GC invocations=92 (full 0):
 garbage-first heap   total reserved 4718592K, committed 684032K, used 418577K [0x00000006e0000000, 0x0000000800000000)
  region size 4096K, 100 young (409600K), 1 survivors (4096K)
 Metaspace       used 9322K, committed 9536K, reserved 1114112K
  class space    used 944K, committed 1024K, reserved 1048576K
}
Event: 7143.906 GC heap after
{Heap after GC invocations=93 (full 0):
 garbage-first heap   total reserved 4718592K, committed 684032K, used 13069K [0x00000006e0000000, 0x0000000800000000)
  region size 4096K, 1 young (4096K), 1 survivors (4096K)
 Metaspace       used 9322K, committed 9536K, reserved 1114112K
  class space    used 944K, committed 1024K, reserved 1048576K
}
Event: 7239.472 GC heap before
{Heap before GC invocations=93 (full 0):
 garbage-first heap   total reserved 4718592K, committed 684032K, used 418573K [0x00000006e0000000, 0x0000000800000000)
  region size 4096K, 100 young (409600K), 1 survivors (4096K)
 Metaspace       used 9322K, committed 9536K, reserved 1114112K
  class space    used 944K, committed 1024K, reserved 1048576K
}
Event: 7239.473 GC heap after
{Heap after GC invocations=94 (full 0):
 garbage-first heap   total reserved 4718592K, committed 684032K, used 13071K [0x00000006e0000000, 0x0000000800000000)
  region size 4096K, 1 young (4096K), 1 survivors (4096K)
 Metaspace       used 9322K, committed 9536K, reserved 1114112K
  class space    used 944K, committed 1024K, reserved 1048576K
}
Event: 7335.138 GC heap before
{Heap before GC invocations=94 (full 0):
 garbage-first heap   total reserved 4718592K, committed 684032K, used 418575K [0x00000006e0000000, 0x0000000800000000)
  region size 4096K, 100 young (409600K), 1 survivors (4096K)
 Metaspace       used 9322K, committed 9536K, reserved 1114112K
  class space    used 944K, committed 1024K, reserved 1048576K
}
Event: 7335.139 GC heap after
{Heap after GC invocations=95 (full 0):
 garbage-first heap   total reserved 4718592K, committed 684032K, used 13073K [0x00000006e0000000, 0x0000000800000000)
  region size 4096K, 1 young (4096K), 1 survivors (4096K)
 Metaspace       used 9322K, committed 9536K, reserved 1114112K
  class space    used 944K, committed 1024K, reserved 1048576K
}
Event: 7430.812 GC heap before
{Heap before GC invocations=95 (full 0):
 garbage-first heap   total reserved 4718592K, committed 684032K, used 418577K [0x00000006e0000000, 0x0000000800000000)
  region size 4096K, 100 young (409600K), 1 survivors (4096K)
 Metaspace       used 9322K, committed 9536K, reserved 1114112K
  class space    used 944K, committed 1024K, reserved 1048576K
}
Event: 7430.813 GC heap after
{Heap after GC invocations=96 (full 0):
 garbage-first heap   total reserved 4718592K, committed 684032K, used 13072K [0x00000006e0000000, 0x0000000800000000)
  region size 4096K, 1 young (4096K), 1 survivors (4096K)
 Metaspace       used 9322K, committed 9536K, reserved 1114112K
  class space    used 944K, committed 1024K, reserved 1048576K
}
Event: 7526.039 GC heap before
{Heap before GC invocations=96 (full 0):
 garbage-first heap   total reserved 4718592K, committed 684032K, used 418576K [0x00000006e0000000, 0x0000000800000000)
  region size 4096K, 100 young (409600K), 1 survivors (4096K)
 Metaspace       used 9322K, committed 9536K, reserved 1114112K
  class space    used 944K, committed 1024K, reserved 1048576K
}
Event: 7526.040 GC heap after
{Heap after GC invocations=97 (full 0):
 garbage-first heap   total reserved 4718592K, committed 684032K, used 13073K [0x00000006e0000000, 0x0000000800000000)
  region size 4096K, 1 young (4096K), 1 survivors (4096K)
 Metaspace       used 9322K, committed 9536K, reserved 1114112K
  class space    used 944K, committed 1024K, reserved 1048576K
}
Event: 7621.714 GC heap before
{Heap before GC invocations=97 (full 0):
 garbage-first heap   total reserved 4718592K, committed 684032K, used 418577K [0x00000006e0000000, 0x0000000800000000)
  region size 4096K, 100 young (409600K), 1 survivors (4096K)
 Metaspace       used 9322K, committed 9536K, reserved 1114112K
  class space    used 944K, committed 1024K, reserved 1048576K
}
Event: 7621.714 GC heap after
{Heap after GC invocations=98 (full 0):
 garbage-first heap   total reserved 4718592K, committed 684032K, used 13069K [0x00000006e0000000, 0x0000000800000000)
  region size 4096K, 1 young (4096K), 1 survivors (4096K)
 Metaspace       used 9322K, committed 9536K, reserved 1114112K
  class space    used 944K, committed 1024K, reserved 1048576K
}

